<?xml version="1.0" encoding="UTF-8"?>
<testsuite xmlns:xsi="http://www.w3.org/2001/XMLSchema-instance" xsi:noNamespaceSchemaLocation="https://maven.apache.org/surefire/maven-surefire-plugin/xsd/surefire-test-report-3.0.xsd" version="3.0" name="com.example.sping_boot_with_thymeleaf.SpingBootWithThymeleafApplicationTests" time="8.966" tests="1" errors="0" skipped="0" failures="0">
  <properties>
[...]
</properties>
  <testcase name="contextLoads" classname="com.example.sping_boot_with_thymeleaf.SpingBootWithThymeleafApplicationTests" time="0.77">
    <system-out><![CDATA[22:11:50.183 [main] INFO org.springframework.test.context.support.AnnotationConfigContextLoaderUtils -- Could not detect default configuration classes for test class [com.example.sping_boot_with_thymeleaf.SpingBootWithThymeleafApplicationTests]: SpingBootWithThymeleafApplicationTests does not declare any static, non-private, non-final, nested classes annotated with @Configuration.
22:11:50.352 [main] INFO org.springframework.boot.test.context.SpringBootTestContextBootstrapper -- Found @SpringBootConfiguration com.example.sping_boot_with_thymeleaf.SpingBootWithThymeleafApplication for test class com.example.sping_boot_with_thymeleaf.SpingBootWithThymeleafApplicationTests
       _   _                       _
      | | | |_   _ ___  __ _ _ __ | |__   ___  _   _
      | |_| | | | / __|/ _` | '_ \| '_ \ / _ \| | | |
      |  _  | |_| \__ \ (_| | | | | |_) | (_) | |_| |
      |_| |_|\__,_|___/\__,_|_| |_|_.__/ \___/ \__, |
                                               |___/


            _   ___     ___      ____    _    ____ _  _______ _   _ ____
           | | / \ \   / / \    | __ )  / \  / ___| |/ / ____| \ | |  _ \
        _  | |/ _ \ \ / / _ \   |  _ \ / _ \| |   | ' /|  _| |  \| | | | |
       | |_| / ___ \ V / ___ \  | |_) / ___ \ |___| . \| |___| |\  | |_| |
        \___/_/   \_\_/_/   \_\ |____/_/   \_\____|_|\_\_____|_| \_|____/

2024-04-12T22:11:51.198+05:00  INFO 16224 --- [sping_boot_with_thymeleaf] [           main] s.SpingBootWithThymeleafApplicationTests : Starting SpingBootWithThymeleafApplicationTests using Java 20.0.2 with PID 16224 (started by Asus in C:\Online\sping_boot_with_thymeleaf)
2024-04-12T22:11:51.209+05:00  INFO 16224 --- [sping_boot_with_thymeleaf] [           main] s.SpingBootWithThymeleafApplicationTests : No active profile set, falling back to 1 default profile: "default"
2024-04-12T22:11:52.395+05:00  INFO 16224 --- [sping_boot_with_thymeleaf] [           main] .s.d.r.c.RepositoryConfigurationDelegate : Bootstrapping Spring Data JPA repositories in DEFAULT mode.
2024-04-12T22:11:52.542+05:00  INFO 16224 --- [sping_boot_with_thymeleaf] [           main] .s.d.r.c.RepositoryConfigurationDelegate : Finished Spring Data repository scanning in 123 ms. Found 1 JPA repository interface.
2024-04-12T22:11:53.471+05:00  INFO 16224 --- [sping_boot_with_thymeleaf] [           main] o.hibernate.jpa.internal.util.LogHelper  : HHH000204: Processing PersistenceUnitInfo [name: default]
2024-04-12T22:11:53.598+05:00  INFO 16224 --- [sping_boot_with_thymeleaf] [           main] org.hibernate.Version                    : HHH000412: Hibernate ORM core version 6.4.4.Final
2024-04-12T22:11:53.661+05:00  INFO 16224 --- [sping_boot_with_thymeleaf] [           main] o.h.c.internal.RegionFactoryInitiator    : HHH000026: Second-level cache disabled
2024-04-12T22:11:54.048+05:00  INFO 16224 --- [sping_boot_with_thymeleaf] [           main] o.s.o.j.p.SpringPersistenceUnitInfo      : No LoadTimeWeaver setup: ignoring JPA class transformer
2024-04-12T22:11:54.085+05:00  INFO 16224 --- [sping_boot_with_thymeleaf] [           main] com.zaxxer.hikari.HikariDataSource       : HikariPool-1 - Starting...
2024-04-12T22:11:54.469+05:00  INFO 16224 --- [sping_boot_with_thymeleaf] [           main] com.zaxxer.hikari.pool.HikariPool        : HikariPool-1 - Added connection org.postgresql.jdbc.PgConnection@1af677f8
2024-04-12T22:11:54.472+05:00  INFO 16224 --- [sping_boot_with_thymeleaf] [           main] com.zaxxer.hikari.HikariDataSource       : HikariPool-1 - Start completed.
2024-04-12T22:11:55.973+05:00  INFO 16224 --- [sping_boot_with_thymeleaf] [           main] o.h.e.t.j.p.i.JtaPlatformInitiator       : HHH000489: No JTA platform available (set 'hibernate.transaction.jta.platform' to enable JTA platform integration)
2024-04-12T22:11:56.014+05:00  INFO 16224 --- [sping_boot_with_thymeleaf] [           main] j.LocalContainerEntityManagerFactoryBean : Initialized JPA EntityManagerFactory for persistence unit 'default'
2024-04-12T22:11:56.485+05:00  INFO 16224 --- [sping_boot_with_thymeleaf] [           main] o.s.d.j.r.query.QueryEnhancerFactory     : Hibernate is in classpath; If applicable, HQL parser will be used.
2024-04-12T22:11:57.348+05:00  WARN 16224 --- [sping_boot_with_thymeleaf] [           main] JpaBaseConfiguration$JpaWebConfiguration : spring.jpa.open-in-view is enabled by default. Therefore, database queries may be performed during view rendering. Explicitly configure spring.jpa.open-in-view to disable this warning
2024-04-12T22:11:58.024+05:00  INFO 16224 --- [sping_boot_with_thymeleaf] [           main] s.SpingBootWithThymeleafApplicationTests : Started SpingBootWithThymeleafApplicationTests in 7.407 seconds (process running for 9.145)
]]></system-out>
  </testcase>
</testsuite>